Flow report for ludo
Mon Aug 19 13:36:36 2019
Quartus Prime Version 17.0.0 Build 595 04/25/2017 SJ Lite Edition


---------------------
; Table of Contents ;
---------------------
  1. Legal Notice
  2. Flow Summary
  3. Flow Settings
  4. Flow Non-Default Global Settings
  5. Flow Elapsed Time
  6. Flow OS Summary
  7. Flow Log
  8. Flow Messages
  9. Flow Suppressed Messages



----------------
; Legal Notice ;
----------------
Copyright (C) 2017  Intel Corporation. All rights reserved.
Your use of Intel Corporation's design tools, logic functions 
and other software and tools, and its AMPP partner logic 
functions, and any output files from any of the foregoing 
(including device programming or simulation files), and any 
associated documentation or information are expressly subject 
to the terms and conditions of the Intel Program License 
Subscription Agreement, the Intel Quartus Prime License Agreement,
the Intel MegaCore Function License Agreement, or other 
applicable license agreement, including, without limitation, 
that your use is for the sole purpose of programming logic 
devices manufactured by Intel and sold by Intel or its 
authorized distributors.  Please refer to the applicable 
agreement for further details.



+----------------------------------------------------------------------------------+
; Flow Summary                                                                     ;
+------------------------------------+---------------------------------------------+
; Flow Status                        ; Successful - Mon Aug 19 13:36:36 2019       ;
; Quartus Prime Version              ; 17.0.0 Build 595 04/25/2017 SJ Lite Edition ;
; Revision Name                      ; ludo                                        ;
; Top-level Entity Name              ; block1                                      ;
; Family                             ; Cyclone IV E                                ;
; Device                             ; EP4CE22F17C6                                ;
; Timing Models                      ; Final                                       ;
; Total logic elements               ; 208 / 22,320 ( < 1 % )                      ;
;     Total combinational functions  ; 184 / 22,320 ( < 1 % )                      ;
;     Dedicated logic registers      ; 81 / 22,320 ( < 1 % )                       ;
; Total registers                    ; 81                                          ;
; Total pins                         ; 47 / 154 ( 31 % )                           ;
; Total virtual pins                 ; 0                                           ;
; Total memory bits                  ; 0 / 608,256 ( 0 % )                         ;
; Embedded Multiplier 9-bit elements ; 0 / 132 ( 0 % )                             ;
; Total PLLs                         ; 0 / 4 ( 0 % )                               ;
+------------------------------------+---------------------------------------------+


+-----------------------------------------+
; Flow Settings                           ;
+-------------------+---------------------+
; Option            ; Setting             ;
+-------------------+---------------------+
; Start date & time ; 08/15/2019 14:46:22 ;
; Main task         ; Compilation         ;
; Revision Name     ; ludo                ;
+-------------------+---------------------+


+-----------------------------------------------------------------------------------------------------------------------------+
; Flow Non-Default Global Settings                                                                                            ;
+-------------------------------------+----------------------------------------+---------------+-------------+----------------+
; Assignment Name                     ; Value                                  ; Default Value ; Entity Name ; Section Id     ;
+-------------------------------------+----------------------------------------+---------------+-------------+----------------+
; COMPILER_SIGNATURE_ID               ; 10995770589204.156589838203372         ; --            ; --          ; --             ;
; EDA_OUTPUT_DATA_FORMAT              ; Vhdl                                   ; --            ; --          ; eda_simulation ;
; EDA_SIMULATION_TOOL                 ; ModelSim-Altera (VHDL)                 ; <None>        ; --          ; --             ;
; EDA_TIME_SCALE                      ; 1 ps                                   ; --            ; --          ; eda_simulation ;
; MAX_CORE_JUNCTION_TEMP              ; 85                                     ; --            ; --          ; --             ;
; MIN_CORE_JUNCTION_TEMP              ; 0                                      ; --            ; --          ; --             ;
; MISC_FILE                           ; contador0a1.bsf                        ; --            ; --          ; --             ;
; MISC_FILE                           ; contador0a1.cmp                        ; --            ; --          ; --             ;
; MISC_FILE                           ; sumador.bsf                            ; --            ; --          ; --             ;
; MISC_FILE                           ; sumador.cmp                            ; --            ; --          ; --             ;
; MISC_FILE                           ; sumador2.bsf                           ; --            ; --          ; --             ;
; MISC_FILE                           ; sumador2.cmp                           ; --            ; --          ; --             ;
; MISC_FILE                           ; comparador31.bsf                       ; --            ; --          ; --             ;
; MISC_FILE                           ; comparador31.cmp                       ; --            ; --          ; --             ;
; MISC_FILE                           ; counter.bsf                            ; --            ; --          ; --             ;
; MISC_FILE                           ; counter.cmp                            ; --            ; --          ; --             ;
; PARTITION_COLOR                     ; -- (Not supported for targeted family) ; --            ; block1      ; Top            ;
; PARTITION_FITTER_PRESERVATION_LEVEL ; -- (Not supported for targeted family) ; --            ; block1      ; Top            ;
; PARTITION_NETLIST_TYPE              ; -- (Not supported for targeted family) ; --            ; block1      ; Top            ;
; POWER_BOARD_THERMAL_MODEL           ; None (CONSERVATIVE)                    ; --            ; --          ; --             ;
; POWER_PRESET_COOLING_SOLUTION       ; 23 MM HEAT SINK WITH 200 LFPM AIRFLOW  ; --            ; --          ; --             ;
; PROJECT_OUTPUT_DIRECTORY            ; output_files                           ; --            ; --          ; --             ;
; TOP_LEVEL_ENTITY                    ; block1                                 ; ludo          ; --          ; --             ;
+-------------------------------------+----------------------------------------+---------------+-------------+----------------+


+-------------------------------------------------------------------------------------------------------------------------------+
; Flow Elapsed Time                                                                                                             ;
+---------------------------+--------------+-------------------------+---------------------+------------------------------------+
; Module Name               ; Elapsed Time ; Average Processors Used ; Peak Virtual Memory ; Total CPU Time (on all processors) ;
+---------------------------+--------------+-------------------------+---------------------+------------------------------------+
; Analysis & Synthesis      ; 00:00:12     ; 1.0                     ; 4825 MB             ; 00:00:24                           ;
; Fitter                    ; 00:00:07     ; 1.0                     ; 5449 MB             ; 00:00:09                           ;
; Assembler                 ; 00:00:01     ; 1.0                     ; 4686 MB             ; 00:00:01                           ;
; TimeQuest Timing Analyzer ; 00:00:02     ; 1.0                     ; 4775 MB             ; 00:00:02                           ;
; EDA Netlist Writer        ; 00:00:01     ; 1.0                     ; 4650 MB             ; 00:00:01                           ;
; EDA Netlist Writer        ; 00:00:01     ; 1.0                     ; 4631 MB             ; 00:00:01                           ;
; EDA Netlist Writer        ; 00:00:01     ; 1.0                     ; 4640 MB             ; 00:00:01                           ;
; EDA Netlist Writer        ; 00:00:00     ; 1.0                     ; 4630 MB             ; 00:00:01                           ;
; EDA Netlist Writer        ; 00:00:01     ; 1.0                     ; 4639 MB             ; 00:00:01                           ;
; EDA Netlist Writer        ; 00:00:01     ; 1.0                     ; 4630 MB             ; 00:00:01                           ;
; EDA Netlist Writer        ; 00:00:01     ; 1.0                     ; 4639 MB             ; 00:00:01                           ;
; EDA Netlist Writer        ; 00:00:01     ; 1.0                     ; 4630 MB             ; 00:00:01                           ;
; EDA Netlist Writer        ; 00:00:01     ; 1.0                     ; 4639 MB             ; 00:00:01                           ;
; EDA Netlist Writer        ; 00:00:00     ; 1.0                     ; 4630 MB             ; 00:00:01                           ;
; EDA Netlist Writer        ; 00:00:00     ; 1.0                     ; 4639 MB             ; 00:00:01                           ;
; EDA Netlist Writer        ; 00:00:01     ; 1.0                     ; 4631 MB             ; 00:00:01                           ;
; EDA Netlist Writer        ; 00:00:01     ; 1.0                     ; 4639 MB             ; 00:00:01                           ;
; EDA Netlist Writer        ; 00:00:01     ; 1.0                     ; 4631 MB             ; 00:00:01                           ;
; EDA Netlist Writer        ; 00:00:01     ; 1.0                     ; 4639 MB             ; 00:00:01                           ;
; EDA Netlist Writer        ; 00:00:01     ; 1.0                     ; 4631 MB             ; 00:00:01                           ;
; EDA Netlist Writer        ; 00:00:01     ; 1.0                     ; 4640 MB             ; 00:00:01                           ;
; EDA Netlist Writer        ; 00:00:01     ; 1.0                     ; 4631 MB             ; 00:00:01                           ;
; EDA Netlist Writer        ; 00:00:00     ; 1.0                     ; 4640 MB             ; 00:00:01                           ;
; EDA Netlist Writer        ; 00:00:01     ; 1.0                     ; 4631 MB             ; 00:00:01                           ;
; EDA Netlist Writer        ; 00:00:01     ; 1.0                     ; 4640 MB             ; 00:00:01                           ;
; EDA Netlist Writer        ; 00:00:01     ; 1.0                     ; 4631 MB             ; 00:00:01                           ;
; EDA Netlist Writer        ; 00:00:01     ; 1.0                     ; 4640 MB             ; 00:00:01                           ;
; EDA Netlist Writer        ; 00:00:02     ; 1.0                     ; 4631 MB             ; 00:00:01                           ;
; EDA Netlist Writer        ; 00:00:01     ; 1.0                     ; 4640 MB             ; 00:00:01                           ;
; Total                     ; 00:00:44     ; --                      ; --                  ; 00:01:01                           ;
+---------------------------+--------------+-------------------------+---------------------+------------------------------------+


+-----------------------------------------------------------------------------------------+
; Flow OS Summary                                                                         ;
+---------------------------+------------------+------------+------------+----------------+
; Module Name               ; Machine Hostname ; OS Name    ; OS Version ; Processor type ;
+---------------------------+------------------+------------+------------+----------------+
; Analysis & Synthesis      ; DESKTOP-GJ3HF2U  ; Windows 10 ; 10.0       ; x86_64         ;
; Fitter                    ; DESKTOP-GJ3HF2U  ; Windows 10 ; 10.0       ; x86_64         ;
; Assembler                 ; DESKTOP-GJ3HF2U  ; Windows 10 ; 10.0       ; x86_64         ;
; TimeQuest Timing Analyzer ; DESKTOP-GJ3HF2U  ; Windows 10 ; 10.0       ; x86_64         ;
; EDA Netlist Writer        ; DESKTOP-GJ3HF2U  ; Windows 10 ; 10.0       ; x86_64         ;
; EDA Netlist Writer        ; DESKTOP-GJ3HF2U  ; Windows 10 ; 10.0       ; x86_64         ;
; EDA Netlist Writer        ; DESKTOP-GJ3HF2U  ; Windows 10 ; 10.0       ; x86_64         ;
; EDA Netlist Writer        ; DESKTOP-GJ3HF2U  ; Windows 10 ; 10.0       ; x86_64         ;
; EDA Netlist Writer        ; DESKTOP-GJ3HF2U  ; Windows 10 ; 10.0       ; x86_64         ;
; EDA Netlist Writer        ; DESKTOP-GJ3HF2U  ; Windows 10 ; 10.0       ; x86_64         ;
; EDA Netlist Writer        ; DESKTOP-GJ3HF2U  ; Windows 10 ; 10.0       ; x86_64         ;
; EDA Netlist Writer        ; DESKTOP-GJ3HF2U  ; Windows 10 ; 10.0       ; x86_64         ;
; EDA Netlist Writer        ; DESKTOP-GJ3HF2U  ; Windows 10 ; 10.0       ; x86_64         ;
; EDA Netlist Writer        ; DESKTOP-GJ3HF2U  ; Windows 10 ; 10.0       ; x86_64         ;
; EDA Netlist Writer        ; DESKTOP-GJ3HF2U  ; Windows 10 ; 10.0       ; x86_64         ;
; EDA Netlist Writer        ; DESKTOP-GJ3HF2U  ; Windows 10 ; 10.0       ; x86_64         ;
; EDA Netlist Writer        ; DESKTOP-GJ3HF2U  ; Windows 10 ; 10.0       ; x86_64         ;
; EDA Netlist Writer        ; DESKTOP-GJ3HF2U  ; Windows 10 ; 10.0       ; x86_64         ;
; EDA Netlist Writer        ; DESKTOP-GJ3HF2U  ; Windows 10 ; 10.0       ; x86_64         ;
; EDA Netlist Writer        ; DESKTOP-GJ3HF2U  ; Windows 10 ; 10.0       ; x86_64         ;
; EDA Netlist Writer        ; DESKTOP-GJ3HF2U  ; Windows 10 ; 10.0       ; x86_64         ;
; EDA Netlist Writer        ; DESKTOP-GJ3HF2U  ; Windows 10 ; 10.0       ; x86_64         ;
; EDA Netlist Writer        ; DESKTOP-GJ3HF2U  ; Windows 10 ; 10.0       ; x86_64         ;
; EDA Netlist Writer        ; DESKTOP-GJ3HF2U  ; Windows 10 ; 10.0       ; x86_64         ;
; EDA Netlist Writer        ; DESKTOP-GJ3HF2U  ; Windows 10 ; 10.0       ; x86_64         ;
; EDA Netlist Writer        ; DESKTOP-GJ3HF2U  ; Windows 10 ; 10.0       ; x86_64         ;
; EDA Netlist Writer        ; DESKTOP-GJ3HF2U  ; Windows 10 ; 10.0       ; x86_64         ;
; EDA Netlist Writer        ; DESKTOP-GJ3HF2U  ; Windows 10 ; 10.0       ; x86_64         ;
; EDA Netlist Writer        ; DESKTOP-GJ3HF2U  ; Windows 10 ; 10.0       ; x86_64         ;
+---------------------------+------------------+------------+------------+----------------+


------------
; Flow Log ;
------------
quartus_map --read_settings_files=on --write_settings_files=off ludo -c ludo
quartus_fit --read_settings_files=off --write_settings_files=off ludo -c ludo
quartus_asm --read_settings_files=off --write_settings_files=off ludo -c ludo
quartus_sta ludo -c ludo
quartus_eda --read_settings_files=off --write_settings_files=off ludo -c ludo
quartus_eda --gen_testbench --tool=modelsim_oem --format=vhdl --write_settings_files=off ludo -c ludo --vector_source="C:/Users/Abel Silva/Desktop/LUDO/Waveform17.vwf" --testbench_file="C:/Users/Abel Silva/Desktop/LUDO/simulation/qsim/Waveform17.vwf.vht"
quartus_eda --write_settings_files=off --simulation=on --functional=on --flatten_buses=off --tool=modelsim_oem --format=vhdl --output_directory="C:/Users/Abel Silva/Desktop/LUDO/simulation/qsim/" ludo -c ludo
quartus_eda --gen_testbench --tool=modelsim_oem --format=vhdl --write_settings_files=off ludo -c ludo --vector_source="C:/Users/Abel Silva/Desktop/LUDO/Waveform17.vwf" --testbench_file="C:/Users/Abel Silva/Desktop/LUDO/simulation/qsim/Waveform17.vwf.vht"
quartus_eda --write_settings_files=off --simulation=on --functional=on --flatten_buses=off --tool=modelsim_oem --format=vhdl --output_directory="C:/Users/Abel Silva/Desktop/LUDO/simulation/qsim/" ludo -c ludo
quartus_eda --gen_testbench --tool=modelsim_oem --format=vhdl --write_settings_files=off ludo -c ludo --vector_source="C:/Users/Abel Silva/Desktop/LUDO/Waveform17.vwf" --testbench_file="C:/Users/Abel Silva/Desktop/LUDO/simulation/qsim/Waveform17.vwf.vht"
quartus_eda --write_settings_files=off --simulation=on --functional=on --flatten_buses=off --tool=modelsim_oem --format=vhdl --output_directory="C:/Users/Abel Silva/Desktop/LUDO/simulation/qsim/" ludo -c ludo
quartus_eda --gen_testbench --tool=modelsim_oem --format=vhdl --write_settings_files=off ludo -c ludo --vector_source="C:/Users/Abel Silva/Desktop/LUDO/Waveform17.vwf" --testbench_file="C:/Users/Abel Silva/Desktop/LUDO/simulation/qsim/Waveform17.vwf.vht"
quartus_eda --write_settings_files=off --simulation=on --functional=on --flatten_buses=off --tool=modelsim_oem --format=vhdl --output_directory="C:/Users/Abel Silva/Desktop/LUDO/simulation/qsim/" ludo -c ludo
quartus_eda --gen_testbench --tool=modelsim_oem --format=vhdl --write_settings_files=off ludo -c ludo --vector_source="C:/Users/Abel Silva/Desktop/LUDO/Waveform17.vwf" --testbench_file="C:/Users/Abel Silva/Desktop/LUDO/simulation/qsim/Waveform17.vwf.vht"
quartus_eda --write_settings_files=off --simulation=on --functional=on --flatten_buses=off --tool=modelsim_oem --format=vhdl --output_directory="C:/Users/Abel Silva/Desktop/LUDO/simulation/qsim/" ludo -c ludo
quartus_eda --gen_testbench --tool=modelsim_oem --format=vhdl --write_settings_files=off ludo -c ludo --vector_source="C:/Users/Abel Silva/Desktop/LUDO/Waveform17.vwf" --testbench_file="C:/Users/Abel Silva/Desktop/LUDO/simulation/qsim/Waveform17.vwf.vht"
quartus_eda --write_settings_files=off --simulation=on --functional=on --flatten_buses=off --tool=modelsim_oem --format=vhdl --output_directory="C:/Users/Abel Silva/Desktop/LUDO/simulation/qsim/" ludo -c ludo
quartus_eda --gen_testbench --tool=modelsim_oem --format=vhdl --write_settings_files=off ludo -c ludo --vector_source="C:/Users/Abel Silva/Desktop/LUDO/Waveform17.vwf" --testbench_file="C:/Users/Abel Silva/Desktop/LUDO/simulation/qsim/Waveform17.vwf.vht"
quartus_eda --write_settings_files=off --simulation=on --functional=on --flatten_buses=off --tool=modelsim_oem --format=vhdl --output_directory="C:/Users/Abel Silva/Desktop/LUDO/simulation/qsim/" ludo -c ludo
quartus_eda --gen_testbench --tool=modelsim_oem --format=vhdl --write_settings_files=off ludo -c ludo --vector_source="C:/Users/Abel Silva/Desktop/LUDO/Waveform18.vwf" --testbench_file="C:/Users/Abel Silva/Desktop/LUDO/simulation/qsim/Waveform18.vwf.vht"
quartus_eda --write_settings_files=off --simulation=on --functional=on --flatten_buses=off --tool=modelsim_oem --format=vhdl --output_directory="C:/Users/Abel Silva/Desktop/LUDO/simulation/qsim/" ludo -c ludo
quartus_eda --gen_testbench --tool=modelsim_oem --format=vhdl --write_settings_files=off ludo -c ludo --vector_source="C:/Users/Abel Silva/Desktop/LUDO/Waveform18.vwf" --testbench_file="C:/Users/Abel Silva/Desktop/LUDO/simulation/qsim/Waveform18.vwf.vht"
quartus_eda --write_settings_files=off --simulation=on --functional=on --flatten_buses=off --tool=modelsim_oem --format=vhdl --output_directory="C:/Users/Abel Silva/Desktop/LUDO/simulation/qsim/" ludo -c ludo
quartus_eda --gen_testbench --tool=modelsim_oem --format=vhdl --write_settings_files=off ludo -c ludo --vector_source="C:/Users/Abel Silva/Desktop/LUDO/Waveform18.vwf" --testbench_file="C:/Users/Abel Silva/Desktop/LUDO/simulation/qsim/Waveform18.vwf.vht"
quartus_eda --write_settings_files=off --simulation=on --functional=on --flatten_buses=off --tool=modelsim_oem --format=vhdl --output_directory="C:/Users/Abel Silva/Desktop/LUDO/simulation/qsim/" ludo -c ludo
quartus_eda --gen_testbench --tool=modelsim_oem --format=vhdl --write_settings_files=off ludo -c ludo --vector_source="C:/Users/Abel Silva/Desktop/LUDO/Waveform18.vwf" --testbench_file="C:/Users/Abel Silva/Desktop/LUDO/simulation/qsim/Waveform18.vwf.vht"
quartus_eda --write_settings_files=off --simulation=on --functional=on --flatten_buses=off --tool=modelsim_oem --format=vhdl --output_directory="C:/Users/Abel Silva/Desktop/LUDO/simulation/qsim/" ludo -c ludo
quartus_eda --gen_testbench --tool=modelsim_oem --format=vhdl --write_settings_files=off ludo -c ludo --vector_source="C:/Users/Abel Silva/Desktop/LUDO/Waveform18.vwf" --testbench_file="C:/Users/Abel Silva/Desktop/LUDO/simulation/qsim/Waveform18.vwf.vht"
quartus_eda --write_settings_files=off --simulation=on --functional=on --flatten_buses=off --tool=modelsim_oem --format=vhdl --output_directory="C:/Users/Abel Silva/Desktop/LUDO/simulation/qsim/" ludo -c ludo



